[debug] [2022-08-13T15:15:16.607Z] ----------------------------------------------------------------------
[debug] [2022-08-13T15:15:16.610Z] Command:       C:\Program Files\nodejs\node.exe C:\Users\ASM\AppData\Roaming\npm\node_modules\firebase-tools\lib\bin\firebase.js init
[debug] [2022-08-13T15:15:16.611Z] CLI Version:   11.6.0
[debug] [2022-08-13T15:15:16.611Z] Platform:      win32
[debug] [2022-08-13T15:15:16.611Z] Node Version:  v17.3.0
[debug] [2022-08-13T15:15:16.612Z] Time:          Sat Aug 13 2022 20:45:16 GMT+0530 (India Standard Time)
[debug] [2022-08-13T15:15:16.613Z] ----------------------------------------------------------------------
[debug] 
[debug] [2022-08-13T15:15:16.659Z] > command requires scopes: ["email","openid","https://www.googleapis.com/auth/cloudplatformprojects.readonly","https://www.googleapis.com/auth/firebase","https://www.googleapis.com/auth/cloud-platform"]
[debug] [2022-08-13T15:15:16.660Z] > authorizing via signed-in user (mayrus1459@gmail.com)
[info] 
     ######## #### ########  ######## ########     ###     ######  ########
     ##        ##  ##     ## ##       ##     ##  ##   ##  ##       ##
     ######    ##  ########  ######   ########  #########  ######  ######
     ##        ##  ##    ##  ##       ##     ## ##     ##       ## ##
     ##       #### ##     ## ######## ########  ##     ##  ######  ########

You're about to initialize a Firebase project in this directory:

  C:\Users\ASM\Desktop\restaurant

[info] 
=== Project Setup
[info] 
[info] First, let's associate this project directory with a Firebase project.
[info] You can create multiple project aliases by running firebase use --add, 
[info] but for now we'll just set up a default project.
[info] 
[debug] [2022-08-13T15:16:51.960Z] >>> [apiv2][query] GET https://firebase.googleapis.com/v1beta1/projects pageSize=100
[debug] [2022-08-13T15:16:52.759Z] <<< [apiv2][status] GET https://firebase.googleapis.com/v1beta1/projects 200
[debug] [2022-08-13T15:16:52.759Z] <<< [apiv2][body] GET https://firebase.googleapis.com/v1beta1/projects [omitted]
[info] i  Using project first-flutter-project-bb6eb (first flutter project) 
[info] 
=== Hosting Setup
[info] 
[info] Your public directory is the folder (relative to your project directory) that
[info] will contain Hosting assets to be uploaded with firebase deploy. If you
[info] have a build process for your assets, use your build's output directory.
[info] 
[info] +  Wrote public/404.html 
[debug] [2022-08-13T15:18:49.529Z] >>> [apiv2][query] GET https://www.gstatic.com/firebasejs/releases.json [none]
[debug] [2022-08-13T15:18:49.701Z] <<< [apiv2][status] GET https://www.gstatic.com/firebasejs/releases.json 200
[debug] [2022-08-13T15:18:49.701Z] <<< [apiv2][body] GET https://www.gstatic.com/firebasejs/releases.json {"current":{"version":"9.9.2","browserURL":"https://www.gstatic.com/firebasejs/9.9.2/firebase.js","packageURL":"https://www.gstatic.com/firebasejs/9.9.2/firebase.tgz"},"live":{"version":"9.9","browserURL":"https://www.gstatic.com/firebasejs/live/9.9/firebase.js","packageURL":"https://www.gstatic.com/firebasejs/live/9.9/firebase.tgz"},"components":{"analytics":"https://www.gstatic.com/firebasejs/9.9.2/firebase-analytics.js","app":"https://www.gstatic.com/firebasejs/9.9.2/firebase-app.js","app-check":"https://www.gstatic.com/firebasejs/9.9.2/firebase-app-check.js","auth":"https://www.gstatic.com/firebasejs/9.9.2/firebase-auth.js","auth/cordova":"https://www.gstatic.com/firebasejs/9.9.2/firebase-auth/cordova.js","auth/react-native":"https://www.gstatic.com/firebasejs/9.9.2/firebase-auth/react-native.js","functions":"https://www.gstatic.com/firebasejs/9.9.2/firebase-functions.js","firestore":"https://www.gstatic.com/firebasejs/9.9.2/firebase-firestore.js","firestore/lite":"https://www.gstatic.com/firebasejs/9.9.2/firebase-firestore/lite.js","installations":"https://www.gstatic.com/firebasejs/9.9.2/firebase-installations.js","storage":"https://www.gstatic.com/firebasejs/9.9.2/firebase-storage.js","performance":"https://www.gstatic.com/firebasejs/9.9.2/firebase-performance.js","remote-config":"https://www.gstatic.com/firebasejs/9.9.2/firebase-remote-config.js","messaging":"https://www.gstatic.com/firebasejs/9.9.2/firebase-messaging.js","messaging/sw":"https://www.gstatic.com/firebasejs/9.9.2/firebase-messaging/sw.js","database":"https://www.gstatic.com/firebasejs/9.9.2/firebase-database.js","firestore.memory":"https://www.gstatic.com/firebasejs/9.9.2/firebase-firestore.memory.js"}}
[info] i  Skipping write of public/index.html 
[info] 
[info] i  Didn't detect a .git folder. Assuming C:\Users\ASM\Desktop\restaurant is the project root. 
[info] i  Authorizing with GitHub to upload your service account to a GitHub repository's secrets store. 
[info] 
[info] Visit this URL on this device to log in:
[info] https://github.com/login/oauth/authorize?client_id=89cf50f02ac6aaed3484&state=803777836&redirect_uri=http%3A%2F%2Flocalhost%3A9005&scope=read%3Auser%20repo%20public_repo
[info] 
[info] Waiting for authentication...
[debug] [2022-08-13T15:19:21.476Z] >>> [apiv2][query] POST https://github.com/login/oauth/access_token [none]
[debug] [2022-08-13T15:19:21.476Z] >>> [apiv2][body] POST https://github.com/login/oauth/access_token [stream]
[debug] [2022-08-13T15:19:21.945Z] <<< [apiv2][status] POST https://github.com/login/oauth/access_token 200
[debug] [2022-08-13T15:19:21.945Z] <<< [apiv2][body] POST https://github.com/login/oauth/access_token {"access_token":"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","token_type":"bearer","scope":"read:user,repo"}
[debug] [2022-08-13T15:19:21.955Z] >>> [apiv2][query] GET https://api.github.com/user [none]
[debug] [2022-08-13T15:19:22.440Z] <<< [apiv2][status] GET https://api.github.com/user 200
[debug] [2022-08-13T15:19:22.440Z] <<< [apiv2][body] GET https://api.github.com/user {"login":"ayrus-369","id":85205650,"node_id":"MDQ6VXNlcjg1MjA1NjUw","avatar_url":"https://avatars.githubusercontent.com/u/85205650?v=4","gravatar_id":"","url":"https://api.github.com/users/ayrus-369","html_url":"https://github.com/ayrus-369","followers_url":"https://api.github.com/users/ayrus-369/followers","following_url":"https://api.github.com/users/ayrus-369/following{/other_user}","gists_url":"https://api.github.com/users/ayrus-369/gists{/gist_id}","starred_url":"https://api.github.com/users/ayrus-369/starred{/owner}{/repo}","subscriptions_url":"https://api.github.com/users/ayrus-369/subscriptions","organizations_url":"https://api.github.com/users/ayrus-369/orgs","repos_url":"https://api.github.com/users/ayrus-369/repos","events_url":"https://api.github.com/users/ayrus-369/events{/privacy}","received_events_url":"https://api.github.com/users/ayrus-369/received_events","type":"User","site_admin":false,"name":"Surya","company":null,"blog":"","location":null,"email":null,"hireable":null,"bio":null,"twitter_username":null,"public_repos":4,"public_gists":0,"followers":0,"following":0,"created_at":"2021-06-02T01:33:28Z","updated_at":"2022-08-13T15:19:18Z","private_gists":0,"total_private_repos":0,"owned_private_repos":0,"disk_usage":1820,"collaborators":0,"two_factor_authentication":false,"plan":{"name":"free","space":976562499,"collaborators":0,"private_repos":10000}}
[info] 
[info] +  Success! Logged into GitHub as ayrus-369 
[info] 
[debug] [2022-08-13T15:19:38.122Z] >>> [apiv2][query] GET https://api.github.com/repos/repository/actions/secrets/public-key type=owner
[debug] [2022-08-13T15:19:38.514Z] <<< [apiv2][status] GET https://api.github.com/repos/repository/actions/secrets/public-key 404
[debug] [2022-08-13T15:19:38.514Z] <<< [apiv2][body] GET https://api.github.com/repos/repository/actions/secrets/public-key {"message":"Not Found","documentation_url":"https://docs.github.com/rest"}
[debug] [2022-08-13T15:19:47.401Z] >>> [apiv2][query] GET https://api.github.com/repos/repository/actions/secrets/public-key type=owner
[debug] [2022-08-13T15:19:47.824Z] <<< [apiv2][status] GET https://api.github.com/repos/repository/actions/secrets/public-key 404
[debug] [2022-08-13T15:19:47.824Z] <<< [apiv2][body] GET https://api.github.com/repos/repository/actions/secrets/public-key {"message":"Not Found","documentation_url":"https://docs.github.com/rest"}
[debug] [2022-08-13T15:22:34.660Z] >>> [apiv2][query] GET https://api.github.com/repos/repository/actions/secrets/public-key type=owner
[debug] [2022-08-13T15:22:35.068Z] <<< [apiv2][status] GET https://api.github.com/repos/repository/actions/secrets/public-key 404
[debug] [2022-08-13T15:22:35.068Z] <<< [apiv2][body] GET https://api.github.com/repos/repository/actions/secrets/public-key {"message":"Not Found","documentation_url":"https://docs.github.com/rest"}
[debug] [2022-08-13T15:22:40.235Z] >>> [apiv2][query] GET https://api.github.com/repos/y/actions/secrets/public-key type=owner
[debug] [2022-08-13T15:22:40.603Z] <<< [apiv2][status] GET https://api.github.com/repos/y/actions/secrets/public-key 404
[debug] [2022-08-13T15:22:40.603Z] <<< [apiv2][body] GET https://api.github.com/repos/y/actions/secrets/public-key {"message":"Not Found","documentation_url":"https://docs.github.com/rest"}
[debug] [2022-08-13T15:22:43.515Z] >>> [apiv2][query] GET https://api.github.com/repos/2/actions/secrets/public-key type=owner
[debug] [2022-08-13T15:22:43.898Z] <<< [apiv2][status] GET https://api.github.com/repos/2/actions/secrets/public-key 404
[debug] [2022-08-13T15:22:43.898Z] <<< [apiv2][body] GET https://api.github.com/repos/2/actions/secrets/public-key {"message":"Not Found","documentation_url":"https://docs.github.com/rest"}
[debug] [2022-08-13T15:22:46.059Z] >>> [apiv2][query] GET https://api.github.com/repos/user/actions/secrets/public-key type=owner
[debug] [2022-08-13T15:22:46.430Z] <<< [apiv2][status] GET https://api.github.com/repos/user/actions/secrets/public-key 404
[debug] [2022-08-13T15:22:46.430Z] <<< [apiv2][body] GET https://api.github.com/repos/user/actions/secrets/public-key {"message":"Not Found","documentation_url":"https://docs.github.com/rest"}
[debug] [2022-08-13T15:22:48.115Z] >>> [apiv2][query] GET https://api.github.com/repos//actions/secrets/public-key type=owner
[debug] [2022-08-13T15:22:48.483Z] <<< [apiv2][status] GET https://api.github.com/repos//actions/secrets/public-key 404
[debug] [2022-08-13T15:22:48.484Z] <<< [apiv2][body] GET https://api.github.com/repos//actions/secrets/public-key {"message":"Not Found","documentation_url":"https://docs.github.com/rest"}
[debug] [2022-08-13T15:26:15.877Z] >>> [apiv2][query] GET https://api.github.com/repos/ayrus-369/Restaurant.git/actions/secrets/public-key type=owner
[debug] [2022-08-13T15:26:16.295Z] <<< [apiv2][status] GET https://api.github.com/repos/ayrus-369/Restaurant.git/actions/secrets/public-key 404
[debug] [2022-08-13T15:26:16.295Z] <<< [apiv2][body] GET https://api.github.com/repos/ayrus-369/Restaurant.git/actions/secrets/public-key {"message":"Not Found","documentation_url":"https://docs.github.com/rest/reference/actions#get-a-repository-public-key"}
